# JRE version: OpenJDK Runtime Environment Temurin-17.0.8.1+1 (17.0.8.1+1) (build 17.0.8.1+1)
# Java VM: OpenJDK 64-Bit Server VM Temurin-17.0.8.1+1 (17.0.8.1+1, mixed mode, sharing, tiered, compressed oops, compressed class ptrs, g1 gc, windows-amd64)
GC Precious Log:
 CPUs: 32 total, 32 available
 Memory: 64653M
 Large Page Support: Disabled
 NUMA Support: Disabled
 Compressed Oops: Enabled (Zero based)
 Heap Region Size: 8M
 Heap Min Capacity: 8M
 Heap Initial Capacity: 1016M
 Heap Max Capacity: 16168M
 Pre-touch: Disabled
 Parallel Workers: 23
 Concurrent Workers: 6
 Concurrent Refinement Workers: 23
 Periodic GC: Disabled
Heap:
 garbage-first heap   total 933888K, used 802437K [0x000000040d800000, 0x0000000800000000)
  region size 8192K, 49 young (401408K), 1 survivors (8192K)
 Metaspace       used 101458K, committed 102528K, reserved 1179648K
  class space    used 14044K, committed 14528K, reserved 1048576K
GC Heap History (20 events):
Event: 1155.197 GC heap before
{Heap before GC invocations=245 (full 0):
 garbage-first heap   total 933888K, used 818622K [0x000000040d800000, 0x0000000800000000)
  region size 8192K, 50 young (409600K), 1 survivors (8192K)
 Metaspace       used 101451K, committed 102528K, reserved 1179648K
  class space    used 14044K, committed 14528K, reserved 1048576K
}
Event: 1155.198 GC heap after
{Heap after GC invocations=246 (full 0):
 garbage-first heap   total 933888K, used 417188K [0x000000040d800000, 0x0000000800000000)
  region size 8192K, 1 young (8192K), 1 survivors (8192K)
 Metaspace       used 101451K, committed 102528K, reserved 1179648K
  class space    used 14044K, committed 14528K, reserved 1048576K
}
Event: 1161.298 GC heap before
{Heap before GC invocations=246 (full 0):
 garbage-first heap   total 933888K, used 818596K [0x000000040d800000, 0x0000000800000000)
  region size 8192K, 50 young (409600K), 1 survivors (8192K)
 Metaspace       used 101455K, committed 102528K, reserved 1179648K
  class space    used 14044K, committed 14528K, reserved 1048576K
}
Event: 1161.299 GC heap after
{Heap after GC invocations=247 (full 0):
 garbage-first heap   total 933888K, used 417201K [0x000000040d800000, 0x0000000800000000)
  region size 8192K, 1 young (8192K), 1 survivors (8192K)
 Metaspace       used 101455K, committed 102528K, reserved 1179648K
  class space    used 14044K, committed 14528K, reserved 1048576K
}
Event: 1167.511 GC heap before
{Heap before GC invocations=247 (full 0):
 garbage-first heap   total 933888K, used 818609K [0x000000040d800000, 0x0000000800000000)
  region size 8192K, 50 young (409600K), 1 survivors (8192K)
 Metaspace       used 101455K, committed 102528K, reserved 1179648K
  class space    used 14044K, committed 14528K, reserved 1048576K
}
Event: 1167.512 GC heap after
{Heap after GC invocations=248 (full 0):
 garbage-first heap   total 933888K, used 417233K [0x000000040d800000, 0x0000000800000000)
  region size 8192K, 1 young (8192K), 1 survivors (8192K)
 Metaspace       used 101455K, committed 102528K, reserved 1179648K
  class space    used 14044K, committed 14528K, reserved 1048576K
}
Event: 1173.649 GC heap before
{Heap before GC invocations=248 (full 0):
 garbage-first heap   total 933888K, used 818641K [0x000000040d800000, 0x0000000800000000)
  region size 8192K, 50 young (409600K), 1 survivors (8192K)
 Metaspace       used 101455K, committed 102528K, reserved 1179648K
  class space    used 14044K, committed 14528K, reserved 1048576K
}
Event: 1173.649 GC heap after
{Heap after GC invocations=249 (full 0):
 garbage-first heap   total 933888K, used 417198K [0x000000040d800000, 0x0000000800000000)
  region size 8192K, 1 young (8192K), 1 survivors (8192K)
 Metaspace       used 101455K, committed 102528K, reserved 1179648K
  class space    used 14044K, committed 14528K, reserved 1048576K
}
Event: 1180.197 GC heap before
{Heap before GC invocations=249 (full 0):
 garbage-first heap   total 933888K, used 818606K [0x000000040d800000, 0x0000000800000000)
  region size 8192K, 50 young (409600K), 1 survivors (8192K)
 Metaspace       used 101457K, committed 102528K, reserved 1179648K
  class space    used 14044K, committed 14528K, reserved 1048576K
}
Event: 1180.198 GC heap after
{Heap after GC invocations=250 (full 0):
 garbage-first heap   total 933888K, used 417257K [0x000000040d800000, 0x0000000800000000)
  region size 8192K, 1 young (8192K), 1 survivors (8192K)
 Metaspace       used 101457K, committed 102528K, reserved 1179648K
  class space    used 14044K, committed 14528K, reserved 1048576K
}
Event: 1186.601 GC heap before
{Heap before GC invocations=250 (full 0):
 garbage-first heap   total 933888K, used 818665K [0x000000040d800000, 0x0000000800000000)
  region size 8192K, 50 young (409600K), 1 survivors (8192K)
 Metaspace       used 101457K, committed 102528K, reserved 1179648K
  class space    used 14044K, committed 14528K, reserved 1048576K
}
Event: 1186.602 GC heap after
{Heap after GC invocations=251 (full 0):
 garbage-first heap   total 933888K, used 417392K [0x000000040d800000, 0x0000000800000000)
  region size 8192K, 1 young (8192K), 1 survivors (8192K)
 Metaspace       used 101457K, committed 102528K, reserved 1179648K
  class space    used 14044K, committed 14528K, reserved 1048576K
}
Event: 1192.802 GC heap before
{Heap before GC invocations=251 (full 0):
 garbage-first heap   total 933888K, used 818800K [0x000000040d800000, 0x0000000800000000)
  region size 8192K, 50 young (409600K), 1 survivors (8192K)
 Metaspace       used 101457K, committed 102528K, reserved 1179648K
  class space    used 14044K, committed 14528K, reserved 1048576K
}
Event: 1192.802 GC heap after
{Heap after GC invocations=252 (full 0):
 garbage-first heap   total 933888K, used 417384K [0x000000040d800000, 0x0000000800000000)
  region size 8192K, 1 young (8192K), 1 survivors (8192K)
 Metaspace       used 101457K, committed 102528K, reserved 1179648K
  class space    used 14044K, committed 14528K, reserved 1048576K
}
Event: 1199.007 GC heap before
{Heap before GC invocations=252 (full 0):
 garbage-first heap   total 933888K, used 818792K [0x000000040d800000, 0x0000000800000000)
  region size 8192K, 50 young (409600K), 1 survivors (8192K)
 Metaspace       used 101458K, committed 102528K, reserved 1179648K
  class space    used 14044K, committed 14528K, reserved 1048576K
}
Event: 1199.008 GC heap after
{Heap after GC invocations=253 (full 0):
 garbage-first heap   total 933888K, used 417424K [0x000000040d800000, 0x0000000800000000)
  region size 8192K, 1 young (8192K), 1 survivors (8192K)
 Metaspace       used 101458K, committed 102528K, reserved 1179648K
  class space    used 14044K, committed 14528K, reserved 1048576K
}
Event: 1205.428 GC heap before
{Heap before GC invocations=253 (full 0):
 garbage-first heap   total 933888K, used 818832K [0x000000040d800000, 0x0000000800000000)
  region size 8192K, 50 young (409600K), 1 survivors (8192K)
 Metaspace       used 101458K, committed 102528K, reserved 1179648K
  class space    used 14044K, committed 14528K, reserved 1048576K
}
Event: 1205.429 GC heap after
{Heap after GC invocations=254 (full 0):
 garbage-first heap   total 933888K, used 417418K [0x000000040d800000, 0x0000000800000000)
  region size 8192K, 1 young (8192K), 1 survivors (8192K)
 Metaspace       used 101458K, committed 102528K, reserved 1179648K
  class space    used 14044K, committed 14528K, reserved 1048576K
}
Event: 1211.790 GC heap before
{Heap before GC invocations=254 (full 0):
 garbage-first heap   total 933888K, used 818826K [0x000000040d800000, 0x0000000800000000)
  region size 8192K, 50 young (409600K), 1 survivors (8192K)
 Metaspace       used 101458K, committed 102528K, reserved 1179648K
  class space    used 14044K, committed 14528K, reserved 1048576K
}
Event: 1211.791 GC heap after
{Heap after GC invocations=255 (full 0):
 garbage-first heap   total 933888K, used 417413K [0x000000040d800000, 0x0000000800000000)
  region size 8192K, 1 young (8192K), 1 survivors (8192K)
 Metaspace       used 101458K, committed 102528K, reserved 1179648K
  class space    used 14044K, committed 14528K, reserved 1048576K
}

